# JRE version: Java(TM) SE Runtime Environment (8.0_172-b11) (build 1.8.0_172-b11)
# Java VM: Java HotSpot(TM) 64-Bit Server VM (25.172-b11 mixed mode windows-amd64 compressed oops)
Heap:
 PSYoungGen      total 628224K, used 337825K [0x00000000d5580000, 0x0000000100000000, 0x0000000100000000)
  eden space 572416K, 52% used [0x00000000d5580000,0x00000000e7870720,0x00000000f8480000)
  from space 55808K, 71% used [0x00000000f8480000,0x00000000fab78000,0x00000000fbb00000)
  to   space 58368K, 0% used [0x00000000fc700000,0x00000000fc700000,0x0000000100000000)
 ParOldGen       total 284672K, used 181117K [0x0000000080000000, 0x0000000091600000, 0x00000000d5580000)
  object space 284672K, 63% used [0x0000000080000000,0x000000008b0df760,0x0000000091600000)
 Metaspace       used 39446K, capacity 39612K, committed 39820K, reserved 1085440K
  class space    used 3499K, capacity 3558K, committed 3584K, reserved 1048576K
GC Heap History (10 events):
Event: 8.081 GC heap before
{Heap before GC invocations=16 (full 3):
 PSYoungGen      total 379392K, used 372402K [0x00000000d5580000, 0x00000000f1400000, 0x0000000100000000)
  eden space 358912K, 100% used [0x00000000d5580000,0x00000000eb400000,0x00000000eb400000)
  from space 20480K, 65% used [0x00000000f0000000,0x00000000f0d2cb38,0x00000000f1400000)
  to   space 49152K, 0% used [0x00000000eb400000,0x00000000eb400000,0x00000000ee400000)
 ParOldGen       total 284672K, used 122615K [0x0000000080000000, 0x0000000091600000, 0x00000000d5580000)
  object space 284672K, 43% used [0x0000000080000000,0x00000000877bdd50,0x0000000091600000)
 Metaspace       used 39307K, capacity 39484K, committed 39820K, reserved 1085440K
  class space    used 3497K, capacity 3558K, committed 3584K, reserved 1048576K
Event: 8.107 GC heap after
Heap after GC invocations=16 (full 3):
 PSYoungGen      total 408064K, used 14910K [0x00000000d5580000, 0x00000000f7800000, 0x0000000100000000)
  eden space 358912K, 0% used [0x00000000d5580000,0x00000000d5580000,0x00000000eb400000)
  from space 49152K, 30% used [0x00000000eb400000,0x00000000ec28f970,0x00000000ee400000)
  to   space 48128K, 0% used [0x00000000f4900000,0x00000000f4900000,0x00000000f7800000)
 ParOldGen       total 284672K, used 134791K [0x0000000080000000, 0x0000000091600000, 0x00000000d5580000)
  object space 284672K, 47% used [0x0000000080000000,0x00000000883a1ff8,0x0000000091600000)
 Metaspace       used 39307K, capacity 39484K, committed 39820K, reserved 1085440K
  class space    used 3497K, capacity 3558K, committed 3584K, reserved 1048576K
}
Event: 8.641 GC heap before
{Heap before GC invocations=17 (full 3):
 PSYoungGen      total 408064K, used 373822K [0x00000000d5580000, 0x00000000f7800000, 0x0000000100000000)
  eden space 358912K, 100% used [0x00000000d5580000,0x00000000eb400000,0x00000000eb400000)
  from space 49152K, 30% used [0x00000000eb400000,0x00000000ec28f970,0x00000000ee400000)
  to   space 48128K, 0% used [0x00000000f4900000,0x00000000f4900000,0x00000000f7800000)
 ParOldGen       total 284672K, used 134791K [0x0000000080000000, 0x0000000091600000, 0x00000000d5580000)
  object space 284672K, 47% used [0x0000000080000000,0x00000000883a1ff8,0x0000000091600000)
 Metaspace       used 39366K, capacity 39548K, committed 39820K, reserved 1085440K
  class space    used 3497K, capacity 3558K, committed 3584K, reserved 1048576K
Event: 8.666 GC heap after
Heap after GC invocations=17 (full 3):
 PSYoungGen      total 496128K, used 14080K [0x00000000d5580000, 0x00000000f6f00000, 0x0000000100000000)
  eden space 457216K, 0% used [0x00000000d5580000,0x00000000d5580000,0x00000000f1400000)
  from space 38912K, 36% used [0x00000000f4900000,0x00000000f56c0000,0x00000000f6f00000)
  to   space 46592K, 0% used [0x00000000f1400000,0x00000000f1400000,0x00000000f4180000)
 ParOldGen       total 284672K, used 148679K [0x0000000080000000, 0x0000000091600000, 0x00000000d5580000)
  object space 284672K, 52% used [0x0000000080000000,0x0000000089131ff8,0x0000000091600000)
 Metaspace       used 39366K, capacity 39548K, committed 39820K, reserved 1085440K
  class space    used 3497K, capacity 3558K, committed 3584K, reserved 1048576K
}
Event: 9.353 GC heap before
{Heap before GC invocations=18 (full 3):
 PSYoungGen      total 496128K, used 469997K [0x00000000d5580000, 0x00000000f6f00000, 0x0000000100000000)
  eden space 457216K, 99% used [0x00000000d5580000,0x00000000f12bb418,0x00000000f1400000)
  from space 38912K, 36% used [0x00000000f4900000,0x00000000f56c0000,0x00000000f6f00000)
  to   space 46592K, 0% used [0x00000000f1400000,0x00000000f1400000,0x00000000f4180000)
 ParOldGen       total 284672K, used 148679K [0x0000000080000000, 0x0000000091600000, 0x00000000d5580000)
  object space 284672K, 52% used [0x0000000080000000,0x0000000089131ff8,0x0000000091600000)
 Metaspace       used 39401K, capacity 39612K, committed 39820K, reserved 1085440K
  class space    used 3499K, capacity 3558K, committed 3584K, reserved 1048576K
Event: 9.397 GC heap after
Heap after GC invocations=18 (full 3):
 PSYoungGen      total 503808K, used 32160K [0x00000000d5580000, 0x00000000fea00000, 0x0000000100000000)
  eden space 457216K, 0% used [0x00000000d5580000,0x00000000d5580000,0x00000000f1400000)
  from space 46592K, 69% used [0x00000000f1400000,0x00000000f3368010,0x00000000f4180000)
  to   space 48128K, 0% used [0x00000000fbb00000,0x00000000fbb00000,0x00000000fea00000)
 ParOldGen       total 284672K, used 148679K [0x0000000080000000, 0x0000000091600000, 0x00000000d5580000)
  object space 284672K, 52% used [0x0000000080000000,0x0000000089131ff8,0x0000000091600000)
 Metaspace       used 39401K, capacity 39612K, committed 39820K, reserved 1085440K
  class space    used 3499K, capacity 3558K, committed 3584K, reserved 1048576K
}
Event: 10.032 GC heap before
{Heap before GC invocations=19 (full 3):
 PSYoungGen      total 503808K, used 489376K [0x00000000d5580000, 0x00000000fea00000, 0x0000000100000000)
  eden space 457216K, 100% used [0x00000000d5580000,0x00000000f1400000,0x00000000f1400000)
  from space 46592K, 69% used [0x00000000f1400000,0x00000000f3368010,0x00000000f4180000)
  to   space 48128K, 0% used [0x00000000fbb00000,0x00000000fbb00000,0x00000000fea00000)
 ParOldGen       total 284672K, used 148679K [0x0000000080000000, 0x0000000091600000, 0x00000000d5580000)
  object space 284672K, 52% used [0x0000000080000000,0x0000000089131ff8,0x0000000091600000)
 Metaspace       used 39427K, capacity 39612K, committed 39820K, reserved 1085440K
  class space    used 3499K, capacity 3558K, committed 3584K, reserved 1048576K
Event: 10.067 GC heap after
Heap after GC invocations=19 (full 3):
 PSYoungGen      total 620544K, used 48112K [0x00000000d5580000, 0x00000000ff500000, 0x0000000100000000)
  eden space 572416K, 0% used [0x00000000d5580000,0x00000000d5580000,0x00000000f8480000)
  from space 48128K, 99% used [0x00000000fbb00000,0x00000000fe9fc010,0x00000000fea00000)
  to   space 55808K, 0% used [0x00000000f8480000,0x00000000f8480000,0x00000000fbb00000)
 ParOldGen       total 284672K, used 149927K [0x0000000080000000, 0x0000000091600000, 0x00000000d5580000)
  object space 284672K, 52% used [0x0000000080000000,0x0000000089269ff8,0x0000000091600000)
 Metaspace       used 39427K, capacity 39612K, committed 39820K, reserved 1085440K
  class space    used 3499K, capacity 3558K, committed 3584K, reserved 1048576K
}
Event: 10.740 GC heap before
{Heap before GC invocations=20 (full 3):
 PSYoungGen      total 620544K, used 620528K [0x00000000d5580000, 0x00000000ff500000, 0x0000000100000000)
  eden space 572416K, 100% used [0x00000000d5580000,0x00000000f8480000,0x00000000f8480000)
  from space 48128K, 99% used [0x00000000fbb00000,0x00000000fe9fc010,0x00000000fea00000)
  to   space 55808K, 0% used [0x00000000f8480000,0x00000000f8480000,0x00000000fbb00000)
 ParOldGen       total 284672K, used 149927K [0x0000000080000000, 0x0000000091600000, 0x00000000d5580000)
  object space 284672K, 52% used [0x0000000080000000,0x0000000089269ff8,0x0000000091600000)
 Metaspace       used 39442K, capacity 39612K, committed 39820K, reserved 1085440K
  class space    used 3499K, capacity 3558K, committed 3584K, reserved 1048576K
Event: 10.808 GC heap after
Heap after GC invocations=20 (full 3):
 PSYoungGen      total 628224K, used 39904K [0x00000000d5580000, 0x0000000100000000, 0x0000000100000000)
  eden space 572416K, 0% used [0x00000000d5580000,0x00000000d5580000,0x00000000f8480000)
  from space 55808K, 71% used [0x00000000f8480000,0x00000000fab78000,0x00000000fbb00000)
  to   space 58368K, 0% used [0x00000000fc700000,0x00000000fc700000,0x0000000100000000)
 ParOldGen       total 284672K, used 181117K [0x0000000080000000, 0x0000000091600000, 0x00000000d5580000)
  object space 284672K, 63% used [0x0000000080000000,0x000000008b0df760,0x0000000091600000)
 Metaspace       used 39442K, capacity 39612K, committed 39820K, reserved 1085440K
  class space    used 3499K, capacity 3558K, committed 3584K, reserved 1048576K
}

